DEB [20151201-09:23:04.191] thr=1   paramiko.transport: starting thread (client mode): 0x1db4b50L
INF [20151201-09:23:04.196] thr=1   paramiko.transport: Connected (version 2.0, client OpenSSH_6.9p1)
DEB [20151201-09:23:04.196] thr=1   paramiko.transport: kex algos:[u'curve25519-sha256@libssh.org', u'ecdh-sha2-nistp256', u'ecdh-sha2-nistp384', u'ecdh-sha2-nistp521', u'diffie-hellman-group-exchange-sha256', u'diffie-hellman-group14-sha1'] server key:[u'ssh-rsa', u'ssh-dss', u'ecdsa-sha2-nistp256', u'ssh-ed25519'] client encrypt:[u'chacha20-poly1305@openssh.com', u'aes128-ctr', u'aes192-ctr', u'aes256-ctr', u'aes128-gcm@openssh.com', u'aes256-gcm@openssh.com'] server encrypt:[u'chacha20-poly1305@openssh.com', u'aes128-ctr', u'aes192-ctr', u'aes256-ctr', u'aes128-gcm@openssh.com', u'aes256-gcm@openssh.com'] client mac:[u'umac-64-etm@openssh.com', u'umac-128-etm@openssh.com', u'hmac-sha2-256-etm@openssh.com', u'hmac-sha2-512-etm@openssh.com', u'hmac-sha1-etm@openssh.com', u'umac-64@openssh.com', u'umac-128@openssh.com', u'hmac-sha2-256', u'hmac-sha2-512', u'hmac-sha1'] server mac:[u'umac-64-etm@openssh.com', u'umac-128-etm@openssh.com', u'hmac-sha2-256-etm@openssh.com', u'hmac-sha2-512-etm@openssh.com', u'hmac-sha1-etm@openssh.com', u'umac-64@openssh.com', u'umac-128@openssh.com', u'hmac-sha2-256', u'hmac-sha2-512', u'hmac-sha1'] client compress:[u'none', u'zlib@openssh.com'] server compress:[u'none', u'zlib@openssh.com'] client lang:[u''] server lang:[u''] kex follows?False
DEB [20151201-09:23:04.196] thr=1   paramiko.transport: Ciphers agreed: local=aes128-ctr, remote=aes128-ctr
DEB [20151201-09:23:04.196] thr=1   paramiko.transport: using kex diffie-hellman-group14-sha1; server key type ssh-rsa; cipher: local aes128-ctr, remote aes128-ctr; mac: local hmac-sha1, remote hmac-sha1; compression: local none, remote none
DEB [20151201-09:23:04.256] thr=1   paramiko.transport: Switch to new keys ...
DEB [20151201-09:23:04.271] thr=2   paramiko.transport: Attempting password auth...
DEB [20151201-09:23:04.296] thr=1   paramiko.transport: userauth is OK
INF [20151201-09:23:04.303] thr=1   paramiko.transport: Authentication (password) successful!
DEB [20151201-09:23:04.307] thr=2   paramiko.transport: [chan 0] Max packet in: 32768 bytes
DEB [20151201-09:23:04.523] thr=1   paramiko.transport: Received global request "hostkeys-00@openssh.com"
DEB [20151201-09:23:04.524] thr=1   paramiko.transport: Rejecting "hostkeys-00@openssh.com" global request from server.
DEB [20151201-09:23:04.524] thr=1   paramiko.transport: [chan 0] Max packet out: 32768 bytes
DEB [20151201-09:23:04.524] thr=1   paramiko.transport: Secsh channel 0 opened.
DEB [20151201-09:23:04.528] thr=1   paramiko.transport: [chan 0] Sesch channel 0 request ok
INF [20151201-09:23:04.530] thr=2   paramiko.transport.sftp: [chan 0] Opened sftp connection (server version 3)
DEB [20151201-09:23:04.530] thr=2   paramiko.transport.sftp: [chan 0] open('test2.txt', 'wb')
DEB [20151201-09:23:04.531] thr=2   paramiko.transport.sftp: [chan 0] open('test2.txt', 'wb') -> 00000000
DEB [20151201-09:23:04.531] thr=2   paramiko.transport.sftp: [chan 0] close(00000000)
DEB [20151201-09:23:04.531] thr=2   paramiko.transport.sftp: [chan 0] stat('test2.txt')
DEB [20151201-09:23:04.532] thr=2   paramiko.transport.sftp: [chan 0] stat('test2.txt')
DEB [20151201-09:23:04.532] thr=2   paramiko.transport.sftp: [chan 0] open('test2.txt', 'rb')
DEB [20151201-09:23:04.533] thr=2   paramiko.transport.sftp: [chan 0] open('test2.txt', 'rb') -> 00000000
DEB [20151201-09:23:04.533] thr=2   paramiko.transport.sftp: [chan 0] stat('test2.txt')
DEB [20151201-09:23:04.535] thr=2   paramiko.transport.sftp: [chan 0] close(00000000)
INF [20151201-09:23:04.536] thr=2   paramiko.transport.sftp: [chan 0] sftp session closed.
DEB [20151201-09:23:04.536] thr=2   paramiko.transport: [chan 0] EOF sent (0)
DEB [20151201-09:23:04.536] thr=1   paramiko.transport: EOF in transport thread
