DEB [20150312-15:34:00.260] thr=1   paramiko.transport: starting thread (client mode): 0x37ba9d0L
INF [20150312-15:34:00.269] thr=1   paramiko.transport: Connected (version 2.0, client OpenSSH_6.6.1p1)
DEB [20150312-15:34:00.269] thr=1   paramiko.transport: kex algos:[u'curve25519-sha256@libssh.org', u'ecdh-sha2-nistp256', u'ecdh-sha2-nistp384', u'ecdh-sha2-nistp521', u'diffie-hellman-group-exchange-sha256', u'diffie-hellman-group-exchange-sha1', u'diffie-hellman-group14-sha1', u'diffie-hellman-group1-sha1'] server key:[u'ssh-rsa', u'ssh-dss', u'ecdsa-sha2-nistp256', u'ssh-ed25519'] client encrypt:[u'aes128-ctr', u'aes192-ctr', u'aes256-ctr', u'arcfour256', u'arcfour128', u'aes128-gcm@openssh.com', u'aes256-gcm@openssh.com', u'chacha20-poly1305@openssh.com', u'aes128-cbc', u'3des-cbc', u'blowfish-cbc', u'cast128-cbc', u'aes192-cbc', u'aes256-cbc', u'arcfour', u'rijndael-cbc@lysator.liu.se'] server encrypt:[u'aes128-ctr', u'aes192-ctr', u'aes256-ctr', u'arcfour256', u'arcfour128', u'aes128-gcm@openssh.com', u'aes256-gcm@openssh.com', u'chacha20-poly1305@openssh.com', u'aes128-cbc', u'3des-cbc', u'blowfish-cbc', u'cast128-cbc', u'aes192-cbc', u'aes256-cbc', u'arcfour', u'rijndael-cbc@lysator.liu.se'] client mac:[u'hmac-md5-etm@openssh.com', u'hmac-sha1-etm@openssh.com', u'umac-64-etm@openssh.com', u'umac-128-etm@openssh.com', u'hmac-sha2-256-etm@openssh.com', u'hmac-sha2-512-etm@openssh.com', u'hmac-ripemd160-etm@openssh.com', u'hmac-sha1-96-etm@openssh.com', u'hmac-md5-96-etm@openssh.com', u'hmac-md5', u'hmac-sha1', u'umac-64@openssh.com', u'umac-128@openssh.com', u'hmac-sha2-256', u'hmac-sha2-512', u'hmac-ripemd160', u'hmac-ripemd160@openssh.com', u'hmac-sha1-96', u'hmac-md5-96'] server mac:[u'hmac-md5-etm@openssh.com', u'hmac-sha1-etm@openssh.com', u'umac-64-etm@openssh.com', u'umac-128-etm@openssh.com', u'hmac-sha2-256-etm@openssh.com', u'hmac-sha2-512-etm@openssh.com', u'hmac-ripemd160-etm@openssh.com', u'hmac-sha1-96-etm@openssh.com', u'hmac-md5-96-etm@openssh.com', u'hmac-md5', u'hmac-sha1', u'umac-64@openssh.com', u'umac-128@openssh.com', u'hmac-sha2-256', u'hmac-sha2-512', u'hmac-ripemd160', u'hmac-ripemd160@openssh.com', u'hmac-sha1-96', u'hmac-md5-96'] client compress:[u'none', u'zlib@openssh.com'] server compress:[u'none', u'zlib@openssh.com'] client lang:[u''] server lang:[u''] kex follows?False
DEB [20150312-15:34:00.269] thr=1   paramiko.transport: Ciphers agreed: local=aes128-ctr, remote=aes128-ctr
DEB [20150312-15:34:00.269] thr=1   paramiko.transport: using kex diffie-hellman-group14-sha1; server key type ssh-rsa; cipher: local aes128-ctr, remote aes128-ctr; mac: local hmac-sha1, remote hmac-sha1; compression: local none, remote none
DEB [20150312-15:34:00.333] thr=1   paramiko.transport: Switch to new keys ...
DEB [20150312-15:34:00.335] thr=2   paramiko.transport: Attempting password auth...
DEB [20150312-15:34:00.372] thr=1   paramiko.transport: userauth is OK
INF [20150312-15:34:00.759] thr=1   paramiko.transport: Authentication (password) successful!
DEB [20150312-15:34:00.768] thr=2   paramiko.transport: [chan 0] Max packet in: 32768 bytes
DEB [20150312-15:34:00.876] thr=1   paramiko.transport: [chan 0] Max packet out: 32768 bytes
DEB [20150312-15:34:00.876] thr=1   paramiko.transport: Secsh channel 0 opened.
DEB [20150312-15:34:00.881] thr=1   paramiko.transport: [chan 0] Sesch channel 0 request ok
INF [20150312-15:34:00.893] thr=2   paramiko.transport.sftp: [chan 0] Opened sftp connection (server version 3)
DEB [20150312-15:34:00.893] thr=2   paramiko.transport.sftp: [chan 0] open('test1.txt', 'wb')
DEB [20150312-15:34:00.894] thr=2   paramiko.transport.sftp: [chan 0] open('test1.txt', 'wb') -> 00000000
DEB [20150312-15:34:00.895] thr=2   paramiko.transport.sftp: [chan 0] close(00000000)
DEB [20150312-15:34:00.896] thr=2   paramiko.transport.sftp: [chan 0] stat('test1.txt')
INF [20150312-15:34:00.897] thr=2   paramiko.transport.sftp: [chan 0] sftp session closed.
DEB [20150312-15:34:00.897] thr=2   paramiko.transport: [chan 0] EOF sent (0)
DEB [20150312-15:34:00.898] thr=1   paramiko.transport: EOF in transport thread
